[1544:1904:2021-3-1 18:58:34.528] Main Start
[1544:1904:2021-3-1 18:58:34.528] Command line:"C:\Users\Jagdish\Downloads\Zoom_cm_fo42anktZ9vvrZo4_mnt6r9F51a8dyHBmQhdqxCg4dzl6SGd1y09G3@UU30tTJUhs7LLVvT_ka6efb285e5472439_.exe"  Instance:0xDC0000 Show State:1
[1544:1904:2021-3-1 18:58:34.582] C:\
[1544:2576:2021-3-1 18:58:34.585] [process_requst] start, url:https://us02web.zoom.us/conf/launch
[1544:2576:2021-3-1 18:58:36.614] [req_state_read_status_code] zHttpQueryInfo complete, status:200
[1544:2576:2021-3-1 18:58:36.614] [req_state_read_status_code] zHttpQueryInfo complete, status:200 Error: 0
[1544:2576:2021-3-1 18:58:36.615] [log_response_content] Content length (1048576 as unknown):1190 , Total read: 1190 , Error No: 0 , Status code: 200
[1544:2576:2021-3-1 18:58:36.615] [log_response_content] header:
[1544:2576:2021-3-1 18:58:36.615] HTTP/1.1 200 
Date: Mon, 01 Mar 2021 13:28:37 GMT
Content-Type: text/plain;charset=utf-8
Content-Length: 1190
Connection: keep-alive
x-zm-trackingid: WEB_20a1a0046d113368604e6463aa2198ea
X-Content-Type-Options: nosniff
Content-Security-Policy: upgrade-insecure-requests; default-src https://*.zoom.us https://zoom.us https://us01pbxstatic.zoom.us blob: 'self'; script-src 'unsafe-eval' 'unsafe-inline' blob: about: https://ruanshi2.8686c.com https://ajax.aspnetcdn.com/ajax/3.5/MicrosoftAjax.js https://appsforoffice.microsoft.com https://assets.zendesk.com https://autocomplete.demandbase.com https://cdn.wootric.com https://cdncache-a.akamaihd.net https://connect.facebook.net https://consent.trustarc.com https://d.adroll.mgr.consensu.org https://d2b9h3rz4xo53c.cloudfront.net https://d24cgw3uvb9a9h.cloudfront.net https://googleads.g.doubleclick.net https://pi.pardot.com https://s.dcbap.com https://s.ytimg.com https://s3.amazonaws.com https://scout-cdn.salesloft.com https://sealserver.trustwave.com https://secure-cdn.mplxtms.com https://serve2.cheqzone.com https://snap.licdn.com https://sp.analytics.yahoo.com https://static.zdassets.com https://static2.sharepointonline.com https://tag.demandbase.com https://tpc.googlesyndication.com https://tracking.g2crowd.com https://trk.techtarget.com https://www.comeet.co https://www.dropbox.com https://www.google-analytics.com https://static.zoom.com.cn https://www.googleadservices.com/pagead/conversion_async.js https://www.googletagmanager.com/gtm.js https://www.googletagmanager.com/* https://optimize.google.com https://tagmanager.google.com https://www.gstatic.com/recaptcha/releases/ https://www.gstatic.cn/recaptcha/releases/ https://google.com https://docs.google.com https://cse.google.com https://maps.google.com https://www.google.com https://www.recaptcha.net https://linkedin.com https://platform.linkedin.com https://px.ads.linkedin.com https://ads.linkedin.com https://www.youtube.com https://us01pbxstatic.zoom.us https://www.gstatic.com https://www.gstatic.cn https://fonts.googleapis.com https://hcaptcha.com https://assets.hcaptcha.com https://*.ada.support https://*.adroll.com https://*.hotjar.com https://*.zoom.us https://*.zoomcloudpbx.com https://*.zoomus.cn https://*.zopim.com https://adroll.com https://zoom.us https://apis.google.com https://gstatic.zoom.com.cn 'self'; img-src https: about: blob: data: 'self'; style-src https: safari-extension: chrome-extension: 'unsafe-inline' data: 'self'; font-src https: safari-extension: chrome-extension: blob: data: 'self'; connect-src * about: blob: data: 'self'; media-src * rtmp: blob: data: 'self'; frame-src https: ms-appx-web: zoommtg: zoomus: wvjbscheme: data: 'self'; object-src 'none'; base-uri 'none';
X-FRAME-OPTIONS: SAMEORIGIN
Set-Cookie: zm_aid=""; Domain=.zoom.us; Expires=Thu, 01-Jan-1970 00:00:10 GMT; Path=/; Secure; HttpOnly
Set-Cookie: zm_haid=""; Domain=.zoom.us; Expires=Thu, 01-Jan-1970 00:00:10 GMT; Path=/; Secure; HttpOnly
Set-Cookie: web_zak=""; Domain=.zoom.us; Expires=Thu, 01-Jan-1970 00:00:10 GMT; Path=/; Secure; HttpOnly
Set-Cookie: cred=4594909B6C930D2ACB9F6477ECC299F9; Path=/; Secure; HttpOnly
Set-Cookie: _zm_page_auth=us02_c_Y0iSn8uuT463X6lRNh3ybQ; Domain=.zoom.us; Path=/; Secure; HttpOnly
p3p: CP="NOI ADM DEV PSAi COM NAV OUR OTR STP IND DEM"
Set-Cookie: _zm_ssid=us02_c_1BifIVlKS_aAvm9D6znR2A; Domain=.zoom.us; Path=/; Secure; HttpOnly
Set-Cookie: _zm_ctaid=Jrl7qO_DRTSQAW_AMAMI7w.1614605317106.6059d992703b377dff63c7f8c0610474; Domain=.zoom.us; Expires=Mon, 01-Mar-2021 15:28:37 GMT; Path=/; Secure; HttpOnly
Set-Cookie: _zm_chtaid=410; Domain=.zoom.us; Expires=Mon, 01-Mar-2021 15:28:37 GMT; Path=/; Secure; HttpOnly
Strict-Transport-Security: max-age=31536000; includeSubDomains
X-XSS-Protection: 1; mode=block
Referrer-Policy: strict-origin-when-cross-origin


[1544:2576:2021-3-1 18:58:36.616] [process_requst] End for url:https://us02web.zoom.us/conf/launch, return code:200, Error:0, Response content size:1190
[1544:1904:2021-3-1 18:58:36.675] [client_has_installed_app] found path:
[1544:1904:2021-3-1 18:58:36.675]  ***NULL-POINTER-PLACEHOLDER***
[1544:1904:2021-3-1 18:58:36.676] [param_query_local_path] path is: C:\Users\Jagdish\AppData\Roaming\Zoom\ZoomDownload\ dir create response : 1 system error: 1008
[1544:1904:2021-3-1 18:58:36.676] [downloader_run] State:0
[1544:5392:2021-3-1 18:58:36.683] [process_requst] start, url:https://us02web.zoom.us/client/latest/Installer.exe
[1544:1904:2021-3-1 18:58:36.684] [client_has_installed_app] found path:
[1544:1904:2021-3-1 18:58:36.684]  ***NULL-POINTER-PLACEHOLDER***
[1544:1904:2021-3-1 18:58:37.338] [downloader_cancel] State:1
[1544:1904:2021-3-1 18:58:40.416] Main End
